<?xml version="1.0" encoding="UTF-8"?>
<!-- Generated by org.testng.reporters.JUnitXMLReporter -->
<testsuite ignored="2" hostname="Dhruvs-MacBook-Air.local" failures="0" tests="0" time="0.001" errors="0" timestamp="2025-11-07T01:22:31 IST">
  <testcase classname="infinity.Test.errorHandling" name="incorrectOrder" time="0.0">
    <ignored/>
  </testcase> <!-- incorrectOrder -->
  <testcase classname="infinity.Test.errorHandling" name="LoginError" time="0.0">
    <ignored/>
  </testcase> <!-- LoginError -->
</testsuite>
