<?xml version="1.0" encoding="UTF-8"?>
<testng-results ignored="0" total="2" passed="2" failed="0" skipped="0">
  <reporter-output>
  </reporter-output>
  <suite started-at="2025-11-13T23:55:03 IST" name="Default suite" finished-at="2025-11-13T23:55:15 IST" duration-ms="11123">
    <groups>
      <group name="Purchase">
        <method signature="Order.PlaceOrder(java.util.HashMap)[pri:0, instance:infinity.Test.Order@40a4337a]" name="PlaceOrder" class="infinity.Test.Order"/>
      </group> <!-- Purchase -->
    </groups>
    <test started-at="2025-11-13T23:55:03 IST" name="Default test" finished-at="2025-11-13T23:55:15 IST" duration-ms="11123">
      <class name="infinity.Test.Order">
        <test-method is-config="true" signature="beforeMethod()[pri:0, instance:infinity.Test.Order@40a4337a]" started-at="2025-11-13T23:55:04 IST" name="beforeMethod" finished-at="2025-11-13T23:55:09 IST" duration-ms="5097" status="PASS">
          <reporter-output>
          </reporter-output>
        </test-method> <!-- beforeMethod -->
        <test-method signature="PlaceOrder(java.util.HashMap)[pri:0, instance:infinity.Test.Order@40a4337a]" started-at="2025-11-13T23:55:09 IST" name="PlaceOrder" data-provider="getData" finished-at="2025-11-13T23:55:10 IST" duration-ms="1091" status="PASS">
          <params>
            <param index="0">
              <value>
                <![CDATA[{password=secret_sauce, productName=Sauce Labs Backpack, username=standard_user}]]>
              </value>
            </param>
          </params>
          <reporter-output>
          </reporter-output>
        </test-method> <!-- PlaceOrder -->
        <test-method is-config="true" signature="beforeMethod()[pri:0, instance:infinity.Test.Order@40a4337a]" started-at="2025-11-13T23:55:10 IST" name="beforeMethod" finished-at="2025-11-13T23:55:13 IST" duration-ms="3757" status="PASS">
          <reporter-output>
          </reporter-output>
        </test-method> <!-- beforeMethod -->
        <test-method signature="PlaceOrder(java.util.HashMap)[pri:0, instance:infinity.Test.Order@40a4337a]" started-at="2025-11-13T23:55:13 IST" name="PlaceOrder" data-provider="getData" finished-at="2025-11-13T23:55:14 IST" duration-ms="1036" status="PASS">
          <params>
            <param index="0">
              <value>
                <![CDATA[{password=secret_sauce, productName=Sauce Labs Backpack, username=visual_user}]]>
              </value>
            </param>
          </params>
          <reporter-output>
          </reporter-output>
        </test-method> <!-- PlaceOrder -->
        <test-method is-config="true" signature="afterMethod()[pri:0, instance:infinity.Test.Order@40a4337a]" started-at="2025-11-13T23:55:15 IST" name="afterMethod" finished-at="2025-11-13T23:55:15 IST" duration-ms="768" status="PASS">
          <reporter-output>
          </reporter-output>
        </test-method> <!-- afterMethod -->
      </class> <!-- infinity.Test.Order -->
    </test> <!-- Default test -->
  </suite> <!-- Default suite -->
</testng-results>
